<?xml version="1.0" encoding="UTF-8"?>
<testsuite name="io.github.tla2lincheck.generator.LincheckGeneratorTest" tests="24" skipped="0" failures="0" errors="0" timestamp="2026-02-23T16:26:39" hostname="polpc14839" time="0.085">
  <properties/>
  <testcase name="Generated code contains package declaration" classname="io.github.tla2lincheck.generator.LincheckGeneratorTest" time="0.047"/>
  <testcase name="Generated code contains Lincheck imports" classname="io.github.tla2lincheck.generator.LincheckGeneratorTest" time="0.0"/>
  <testcase name="Class name follows convention: {SpecName}LincheckTest" classname="io.github.tla2lincheck.generator.LincheckGeneratorTest" time="0.0"/>
  <testcase name="Generates fields for state variables" classname="io.github.tla2lincheck.generator.LincheckGeneratorTest" time="0.001"/>
  <testcase name="Generates constants as vals" classname="io.github.tla2lincheck.generator.LincheckGeneratorTest" time="0.001"/>
  <testcase name="Generates lockObj for synchronization" classname="io.github.tla2lincheck.generator.LincheckGeneratorTest" time="0.001"/>
  <testcase name="Generates @Operation methods for each action" classname="io.github.tla2lincheck.generator.LincheckGeneratorTest" time="0.001"/>
  <testcase name="Operations use synchronized(lockObj)" classname="io.github.tla2lincheck.generator.LincheckGeneratorTest" time="0.0"/>
  <testcase name="Operations contain branch conditions" classname="io.github.tla2lincheck.generator.LincheckGeneratorTest" time="0.0"/>
  <testcase name="Operations contain state mutations" classname="io.github.tla2lincheck.generator.LincheckGeneratorTest" time="0.001"/>
  <testcase name="Generates checkInvariants() method" classname="io.github.tla2lincheck.generator.LincheckGeneratorTest" time="0.0"/>
  <testcase name="Invariant checker contains all invariant names" classname="io.github.tla2lincheck.generator.LincheckGeneratorTest" time="0.001"/>
  <testcase name="Invariant checker uses Kotlin check() calls" classname="io.github.tla2lincheck.generator.LincheckGeneratorTest" time="0.0"/>
  <testcase name="checkInvariants() is called inside @Operation methods" classname="io.github.tla2lincheck.generator.LincheckGeneratorTest" time="0.005"/>
  <testcase name="Invariant checking can be disabled via config" classname="io.github.tla2lincheck.generator.LincheckGeneratorTest" time="0.001"/>
  <testcase name="Generates ModelCheckingOptions test" classname="io.github.tla2lincheck.generator.LincheckGeneratorTest" time="0.0"/>
  <testcase name="Generates StressOptions test" classname="io.github.tla2lincheck.generator.LincheckGeneratorTest" time="0.0"/>
  <testcase name="Config controls thread count and iterations" classname="io.github.tla2lincheck.generator.LincheckGeneratorTest" time="0.001"/>
  <testcase name="Generates @Param annotations for parameterized actions" classname="io.github.tla2lincheck.generator.LincheckGeneratorTest" time="0.001"/>
  <testcase name="predicateToKotlin translates comparisons correctly" classname="io.github.tla2lincheck.generator.LincheckGeneratorTest" time="0.0"/>
  <testcase name="predicateToKotlin translates logical connectives" classname="io.github.tla2lincheck.generator.LincheckGeneratorTest" time="0.0"/>
  <testcase name="predicateToKotlin translates membership" classname="io.github.tla2lincheck.generator.LincheckGeneratorTest" time="0.001"/>
  <testcase name="predicateToKotlin returns null for Custom without kotlinExpr" classname="io.github.tla2lincheck.generator.LincheckGeneratorTest" time="0.0"/>
  <testcase name="End-to-end: parse Counter spec and generate valid test" classname="io.github.tla2lincheck.generator.LincheckGeneratorTest" time="0.014"/>
  <system-out><![CDATA[Generated class: E2ECounterLincheckTest
Generated code:
package io.github.tla2lincheck.generated

import org.jetbrains.kotlinx.lincheck.*
import org.jetbrains.kotlinx.lincheck.annotations.*
import org.jetbrains.kotlinx.lincheck.paramgen.*
import org.jetbrains.kotlinx.lincheck.strategy.managed.modelchecking.*
import org.jetbrains.kotlinx.lincheck.strategy.stress.*
import org.junit.jupiter.api.Test


/**
 * AUTO-GENERATED Lincheck test from TLA+ specification: E2ECounter
 *
 * Source: TlaFile(filePath=, moduleName=E2ECounter)
 *
 * This test verifies that an implementation of the E2ECounter protocol
 * is linearizable with respect to the TLA+ specification's sequential semantics
 * AND that all 1 safety invariant(s) hold under every
 * explored interleaving.
 *
 * Invariants checked:
 *   - NonNegative: count >= 0
 *
 * Liveness properties (NOT checked — require TLC model checking):
 *   - Spec: Init /\ [][Next]_count
 *
 * Generated by tla2lincheck v0.1.0
 */


class E2ECounterLincheckTest {

    // ── State fields (from TLA+ VARIABLES) ─────────────────────────

    private var count: Int = 0

    // ── Constants (from TLA+ CONSTANTS) ────────────────────────────
    private val MaxValue = 5

    // ── Synchronization ────────────────────────────────────────────
    private val lockObj = Any()


    // ── Invariant verification (from TLA+ safety invariants) ───────

    /**
     * Checks all TLA+ safety invariants after each operation.
     *
     * If any invariant is violated under ANY interleaving explored by
     * Lincheck's model checker, the test fails with the exact trace.
     */
    private fun checkInvariants() {
        // TLA+ invariant: NonNegative
        check(count >= 0) {
            "Invariant 'NonNegative' violated"
        }
    }


    // ── Operations (from TLA+ actions) ─────────────────────────────

    /**
     * TLA+ action: Increment
     * - Increment: TLA+ action: Increment
     */
    @Operation
    fun increment(): String = synchronized(lockObj) {
        if (count < MaxValue) {
            count += 1
            checkInvariants()
            return "ok"
    }


    /**
     * TLA+ action: Decrement
     * - Decrement: TLA+ action: Decrement
     */
    @Operation
    fun decrement(): String = synchronized(lockObj) {
        if (count > 0) {
            count -= 1
            checkInvariants()
            return "ok"
    }



    // ── Lincheck test methods ──────────────────────────────────────

    /**
     * MODEL CHECKING MODE: Exhaustively explores ALL possible thread
     * interleavings.  If any interleaving produces a non-linearizable
     * result or violates an invariant, Lincheck reports the exact trace.
     */
    @Test
    fun modelCheckingTest() = ModelCheckingOptions()
        .threads(3)
        .actorsPerThread(2)
        .invocationsPerIteration(1000)
        .iterations(50)
        .checkObstructionFreedom(false)
        .actorsBefore(0)
        .actorsAfter(0)
        .check(this::class)

    /**
     * STRESS TEST MODE: Runs under real concurrent load.
     * Catches JVM-specific issues that model checking may miss.
     */
    @Test
    fun stressTest() = StressOptions()
        .threads(3)
        .actorsPerThread(2)
        .invocationsPerIteration(100)
        .iterations(25)
        .actorsBefore(0)
        .actorsAfter(0)
        .check(this::class)


}

]]></system-out>
  <system-err><![CDATA[]]></system-err>
</testsuite>
